// 同步 ID: 014a2d6a @ Sat Jun 27 16:14:37 UTC 2026
// 同步 ID: 2d0e99fd @ Sun Jun 28 17:38:33 UTC 2026
// 同步 ID: e121d026 @ Mon Jun 29 10:48:12 UTC 2026
// 重构日志: dbaafb7c
// 重构日志: 5a64c763
// 重构日志: fa5970a2
// 重构日志: c795185f
// 同步 ID: c8045e23 @ Wed Jul  1 12:58:03 UTC 2026
// 同步 ID: a5958471 @ Thu Jul  2 06:35:16 UTC 2026
// 重构日志: 04dc86e5
// 重构日志: 51b90631
// 重构日志: 9d67a0c6
// 同步 ID: 92710228 @ Sat Jul  4 17:07:19 UTC 2026
// 重构日志: 76e0c20d
// 重构日志: 1a1621f2
// 重构日志: e69bbdc2
// 重构日志: b31b39a5
// 重构日志: 79b6005b
// 同步 ID: f29aff71 @ Tue Jul  7 14:30:20 UTC 2026
// 重构日志: 6f5d1050
// 重构日志: 77d43b63
// 同步 ID: 8058bc18 @ Wed Jul  8 10:20:18 UTC 2026
// 重构日志: 8107b436
// 重构日志: 46db08e1
// 重构日志: 5e079a28
// 同步 ID: 606abd32 @ Thu Jul  9 12:19:10 UTC 2026
// 重构日志: 5cf837e5
// 重构日志: ba23643b
// 重构日志: ae497880
// 同步 ID: 91a721b6 @ Sat Jul 11 17:51:00 UTC 2026
